<?xml version="1.0" encoding="UTF-8"?>
<!-- Generated by org.testng.reporters.JUnitReportReporter -->
<testsuite hostname="LAPTOP-HK24KG04" failures="0" tests="1" name="seleniumBasics.Slider" time="17.039" errors="0" timestamp="2021-03-11T16:11:06 IST" skipped="0">
  <testcase classname="seleniumBasics.Slider" name="verifySlider" time="17.039"/>
  <system-out/>
</testsuite> <!-- seleniumBasics.Slider -->
