<?xml version="1.0" encoding="UTF-8"?>
<!-- Generated by org.testng.reporters.JUnitReportReporter -->
<testsuite hostname="LAPTOP-HK24KG04" failures="0" tests="1" name="seleniumBasics.JavaScriptExecutor" time="2.214" errors="0" timestamp="2021-03-11T16:12:46 IST" skipped="0">
  <testcase classname="seleniumBasics.JavaScriptExecutor" name="verifyRegistration" time="2.214"/>
  <system-out/>
</testsuite> <!-- seleniumBasics.JavaScriptExecutor -->
