<?xml version="1.0" encoding="UTF-8"?>
<!-- Generated by org.testng.reporters.JUnitReportReporter -->
<testsuite hostname="LAPTOP-HK24KG04" failures="0" tests="1" name="seleniumBasics.FirstSeleniumTest" time="10.118" errors="0" timestamp="2021-03-11T16:14:12 IST" skipped="0">
  <testcase classname="seleniumBasics.FirstSeleniumTest" name="verifyFaceBookHomePage" time="10.118"/>
  <system-out/>
</testsuite> <!-- seleniumBasics.FirstSeleniumTest -->
